# JRE version: OpenJDK Runtime Environment Microsoft-8035246 (17.0.8+7) (build 17.0.8+7-LTS)
# Java VM: OpenJDK 64-Bit Server VM Microsoft-8035246 (17.0.8+7-LTS, mixed mode, sharing, tiered, compressed oops, compressed class ptrs, g1 gc, windows-amd64)
GC Precious Log:
 CPUs: 6 total, 6 available
 Memory: 8123M
 Large Page Support: Disabled
 NUMA Support: Disabled
 Compressed Oops: Enabled (32-bit)
 Heap Region Size: 1M
 Heap Min Capacity: 8M
 Heap Initial Capacity: 128M
 Heap Max Capacity: 2G
 Pre-touch: Disabled
 Parallel Workers: 6
 Concurrent Workers: 2
 Concurrent Refinement Workers: 6
 Periodic GC: Disabled
Heap:
 garbage-first heap   total 263168K, used 176927K [0x0000000080000000, 0x0000000100000000)
  region size 1024K, 10 young (10240K), 3 survivors (3072K)
 Metaspace       used 101887K, committed 102848K, reserved 557056K
  class space    used 14094K, committed 14592K, reserved 425984K
GC Heap History (20 events):
Event: 40.952 GC heap before
{Heap before GC invocations=43 (full 0):
 garbage-first heap   total 219136K, used 179722K [0x0000000080000000, 0x0000000100000000)
  region size 1024K, 37 young (37888K), 3 survivors (3072K)
 Metaspace       used 96368K, committed 97280K, reserved 557056K
  class space    used 13485K, committed 13952K, reserved 425984K
}
Event: 40.961 GC heap after
{Heap after GC invocations=44 (full 0):
 garbage-first heap   total 219136K, used 147689K [0x0000000080000000, 0x0000000100000000)
  region size 1024K, 5 young (5120K), 5 survivors (5120K)
 Metaspace       used 96368K, committed 97280K, reserved 557056K
  class space    used 13485K, committed 13952K, reserved 425984K
}
Event: 41.363 GC heap before
{Heap before GC invocations=44 (full 0):
 garbage-first heap   total 219136K, used 182505K [0x0000000080000000, 0x0000000100000000)
  region size 1024K, 39 young (39936K), 5 survivors (5120K)
 Metaspace       used 97980K, committed 98944K, reserved 557056K
  class space    used 13683K, committed 14144K, reserved 425984K
}
Event: 41.368 GC heap after
{Heap after GC invocations=45 (full 0):
 garbage-first heap   total 219136K, used 150649K [0x0000000080000000, 0x0000000100000000)
  region size 1024K, 4 young (4096K), 4 survivors (4096K)
 Metaspace       used 97980K, committed 98944K, reserved 557056K
  class space    used 13683K, committed 14144K, reserved 425984K
}
Event: 41.757 GC heap before
{Heap before GC invocations=45 (full 0):
 garbage-first heap   total 219136K, used 183417K [0x0000000080000000, 0x0000000100000000)
  region size 1024K, 36 young (36864K), 4 survivors (4096K)
 Metaspace       used 98386K, committed 99392K, reserved 557056K
  class space    used 13714K, committed 14208K, reserved 425984K
}
Event: 41.763 GC heap after
{Heap after GC invocations=46 (full 0):
 garbage-first heap   total 219136K, used 154147K [0x0000000080000000, 0x0000000100000000)
  region size 1024K, 4 young (4096K), 4 survivors (4096K)
 Metaspace       used 98386K, committed 99392K, reserved 557056K
  class space    used 13714K, committed 14208K, reserved 425984K
}
Event: 42.006 GC heap before
{Heap before GC invocations=46 (full 0):
 garbage-first heap   total 219136K, used 184867K [0x0000000080000000, 0x0000000100000000)
  region size 1024K, 34 young (34816K), 4 survivors (4096K)
 Metaspace       used 98873K, committed 99840K, reserved 557056K
  class space    used 13768K, committed 14272K, reserved 425984K
}
Event: 42.013 GC heap after
{Heap after GC invocations=47 (full 0):
 garbage-first heap   total 219136K, used 157606K [0x0000000080000000, 0x0000000100000000)
  region size 1024K, 4 young (4096K), 4 survivors (4096K)
 Metaspace       used 98873K, committed 99840K, reserved 557056K
  class space    used 13768K, committed 14272K, reserved 425984K
}
Event: 42.374 GC heap before
{Heap before GC invocations=47 (full 0):
 garbage-first heap   total 219136K, used 189350K [0x0000000080000000, 0x0000000100000000)
  region size 1024K, 31 young (31744K), 4 survivors (4096K)
 Metaspace       used 100988K, committed 102016K, reserved 557056K
  class space    used 13986K, committed 14464K, reserved 425984K
}
Event: 42.380 GC heap after
{Heap after GC invocations=48 (full 0):
 garbage-first heap   total 219136K, used 161714K [0x0000000080000000, 0x0000000100000000)
  region size 1024K, 4 young (4096K), 4 survivors (4096K)
 Metaspace       used 100988K, committed 102016K, reserved 557056K
  class space    used 13986K, committed 14464K, reserved 425984K
}
Event: 42.811 GC heap before
{Heap before GC invocations=48 (full 0):
 garbage-first heap   total 219136K, used 185266K [0x0000000080000000, 0x0000000100000000)
  region size 1024K, 28 young (28672K), 4 survivors (4096K)
 Metaspace       used 101242K, committed 102208K, reserved 557056K
  class space    used 13997K, committed 14464K, reserved 425984K
}
Event: 42.814 GC heap after
{Heap after GC invocations=49 (full 0):
 garbage-first heap   total 219136K, used 163502K [0x0000000080000000, 0x0000000100000000)
  region size 1024K, 2 young (2048K), 2 survivors (2048K)
 Metaspace       used 101242K, committed 102208K, reserved 557056K
  class space    used 13997K, committed 14464K, reserved 425984K
}
Event: 43.082 GC heap before
{Heap before GC invocations=49 (full 0):
 garbage-first heap   total 219136K, used 186030K [0x0000000080000000, 0x0000000100000000)
  region size 1024K, 25 young (25600K), 2 survivors (2048K)
 Metaspace       used 101702K, committed 102720K, reserved 557056K
  class space    used 14068K, committed 14592K, reserved 425984K
}
Event: 43.086 GC heap after
{Heap after GC invocations=50 (full 0):
 garbage-first heap   total 219136K, used 164436K [0x0000000080000000, 0x0000000100000000)
  region size 1024K, 3 young (3072K), 3 survivors (3072K)
 Metaspace       used 101702K, committed 102720K, reserved 557056K
  class space    used 14068K, committed 14592K, reserved 425984K
}
Event: 43.319 GC heap before
{Heap before GC invocations=50 (full 0):
 garbage-first heap   total 219136K, used 186964K [0x0000000080000000, 0x0000000100000000)
  region size 1024K, 26 young (26624K), 3 survivors (3072K)
 Metaspace       used 101882K, committed 102848K, reserved 557056K
  class space    used 14093K, committed 14592K, reserved 425984K
}
Event: 43.324 GC heap after
{Heap after GC invocations=51 (full 0):
 garbage-first heap   total 219136K, used 168223K [0x0000000080000000, 0x0000000100000000)
  region size 1024K, 4 young (4096K), 4 survivors (4096K)
 Metaspace       used 101882K, committed 102848K, reserved 557056K
  class space    used 14093K, committed 14592K, reserved 425984K
}
Event: 43.533 GC heap before
{Heap before GC invocations=51 (full 0):
 garbage-first heap   total 219136K, used 186655K [0x0000000080000000, 0x0000000100000000)
  region size 1024K, 23 young (23552K), 4 survivors (4096K)
 Metaspace       used 101886K, committed 102848K, reserved 557056K
  class space    used 14093K, committed 14592K, reserved 425984K
}
Event: 43.537 GC heap after
{Heap after GC invocations=52 (full 0):
 garbage-first heap   total 219136K, used 169792K [0x0000000080000000, 0x0000000100000000)
  region size 1024K, 3 young (3072K), 3 survivors (3072K)
 Metaspace       used 101886K, committed 102848K, reserved 557056K
  class space    used 14093K, committed 14592K, reserved 425984K
}
Event: 43.750 GC heap before
{Heap before GC invocations=52 (full 0):
 garbage-first heap   total 219136K, used 187200K [0x0000000080000000, 0x0000000100000000)
  region size 1024K, 21 young (21504K), 3 survivors (3072K)
 Metaspace       used 101887K, committed 102848K, reserved 557056K
  class space    used 14094K, committed 14592K, reserved 425984K
}
Event: 43.752 GC heap after
{Heap after GC invocations=53 (full 0):
 garbage-first heap   total 263168K, used 170783K [0x0000000080000000, 0x0000000100000000)
  region size 1024K, 3 young (3072K), 3 survivors (3072K)
 Metaspace       used 101887K, committed 102848K, reserved 557056K
  class space    used 14094K, committed 14592K, reserved 425984K
}

